<?xml version="1.0" encoding="UTF-8"?>
<!-- Generated by org.testng.reporters.JUnitReportReporter -->
<testsuite hostname="inlen8520086013" failures="0" tests="1" name="SeleniumConcepts.ExtentReportsDemo.ExtentReportsHandsOn" time="11.799" errors="0" timestamp="2023-06-22T06:02:14 IST" skipped="0">
  <testcase classname="SeleniumConcepts.ExtentReportsDemo.ExtentReportsHandsOn" name="initialTest" time="11.799"/>
  <system-out/>
</testsuite> <!-- SeleniumConcepts.ExtentReportsDemo.ExtentReportsHandsOn -->
