<?xml version="1.0" encoding="UTF-8"?>
<!-- Generated by org.testng.reporters.JUnitReportReporter -->
<testsuite hostname="LAPTOP-7S7K48R8" name="org.web.automation.testcases.TC_013_Registration_DropDown_List" tests="1" failures="0" timestamp="17 May 2020 11:52:16 GMT" time="16.199" errors="0">
  <testcase name="tc001" time="16.199" classname="org.web.automation.testcases.TC_013_Registration_DropDown_List"/>
</testsuite> <!-- org.web.automation.testcases.TC_013_Registration_DropDown_List -->
