<?xml version="1.0" encoding="UTF-8"?>
<!-- Generated by org.testng.reporters.JUnitReportReporter -->
<testsuite hostname="LAPTOP-7S7K48R8" name="org.web.automation.testcases.TC_002_Registration_Functionality_Firefox" tests="1" failures="0" timestamp="17 May 2020 11:46:46 GMT" time="9.678" errors="0">
  <testcase name="tc001" time="9.678" classname="org.web.automation.testcases.TC_002_Registration_Functionality_Firefox"/>
</testsuite> <!-- org.web.automation.testcases.TC_002_Registration_Functionality_Firefox -->
