<?xml version="1.0" encoding="UTF-8"?>
<!-- Generated by org.testng.reporters.JUnitReportReporter -->
<testsuite hostname="LAPTOP-7S7K48R8" name="org.web.automation.testcases.TC_014_Login_Wait_Explicit" tests="1" failures="0" timestamp="17 May 2020 11:52:41 GMT" time="16.521" errors="0">
  <testcase name="tc001" time="16.521" classname="org.web.automation.testcases.TC_014_Login_Wait_Explicit"/>
</testsuite> <!-- org.web.automation.testcases.TC_014_Login_Wait_Explicit -->
